============================== Mace4 =================================
Mace4 (64) version 2009-11A, November 2009.
Process 62078 was started by ericchao on Johns-MacBook-Pro.local,
Wed Oct  7 21:54:11 2020
The command was "/Users/ericchao/LADR-2009-11A/bin/./mace4 -c -f non-abelian.in".
============================== end of head ===========================

============================== INPUT =================================

% Reading from file non-abelian.in

assign(max_seconds,1).

formulas(assumptions).
G(G(x,y),z) = G(x,G(y,z)).
G(e,x) = x.
G(x,e) = x.
G(x',x) = e.
G(x,x') = e.
(exists x exists y G(x,y) != G(y,x)).
end_of_list.

============================== end of input ==========================

============================== PROCESS NON-CLAUSAL FORMULAS ==========

% Formulas that are not ordinary clauses:
1 (exists x exists y G(x,y) != G(y,x)) # label(non_clause).  [assumption].

============================== end of process non-clausal formulas ===

============================== CLAUSES FOR SEARCH ====================

formulas(mace4_clauses).
G(G(x,y),z) = G(x,G(y,z)).
G(e,x) = x.
G(x,e) = x.
G(x',x) = e.
G(x,x') = e.
G(c2,c1) != G(c1,c2).
end_of_list.

============================== end of clauses for search =============

% There are no natural numbers in the input.

============================== DOMAIN SIZE 2 =========================

============================== STATISTICS ============================

For domain size 2.

Current CPU time: 0.00 seconds (total CPU time: 0.01 seconds).
Ground clauses: seen=17, kept=17.
Selections=4, assignments=7, propagations=6, current_models=0.
Rewrite_terms=72, rewrite_bools=20, indexes=6.
Rules_from_neg_clauses=2, cross_offs=2.

============================== end of statistics =====================

============================== DOMAIN SIZE 3 =========================

============================== STATISTICS ============================

For domain size 3.

Current CPU time: 0.00 seconds (total CPU time: 0.01 seconds).
Ground clauses: seen=40, kept=40.
Selections=5, assignments=11, propagations=15, current_models=0.
Rewrite_terms=217, rewrite_bools=61, indexes=29.
Rules_from_neg_clauses=5, cross_offs=12.

============================== end of statistics =====================

============================== DOMAIN SIZE 4 =========================

============================== STATISTICS ============================

For domain size 4.

Current CPU time: 0.00 seconds (total CPU time: 0.01 seconds).
Ground clauses: seen=81, kept=81.
Selections=7, assignments=19, propagations=32, current_models=0.
Rewrite_terms=433, rewrite_bools=110, indexes=58.
Rules_from_neg_clauses=12, cross_offs=44.

============================== end of statistics =====================

============================== DOMAIN SIZE 5 =========================

============================== STATISTICS ============================

For domain size 5.

Current CPU time: 0.00 seconds (total CPU time: 0.01 seconds).
Ground clauses: seen=146, kept=146.
Selections=13, assignments=47, propagations=94, current_models=0.
Rewrite_terms=1367, rewrite_bools=312, indexes=230.
Rules_from_neg_clauses=32, cross_offs=139.

============================== end of statistics =====================

============================== DOMAIN SIZE 6 =========================

============================== MODEL =================================

interpretation( 6, [number=1, seconds=0], [

        function(e, [ 0 ]),

        function(c1, [ 1 ]),

        function(c2, [ 2 ]),

        function('(_), [ 0, 1, 2, 4, 3, 5 ]),

        function(G(_,_), [
			   0, 1, 2, 3, 4, 5,
			   1, 0, 3, 2, 5, 4,
			   2, 4, 0, 5, 1, 3,
			   3, 5, 1, 4, 0, 2,
			   4, 2, 5, 0, 3, 1,
			   5, 3, 4, 1, 2, 0 ])
]).

============================== end of model ==========================

============================== STATISTICS ============================

For domain size 6.

Current CPU time: 0.00 seconds (total CPU time: 0.01 seconds).
Ground clauses: seen=241, kept=241.
Selections=8, assignments=22, propagations=41, current_models=1.
Rewrite_terms=1055, rewrite_bools=267, indexes=193.
Rules_from_neg_clauses=8, cross_offs=83.

============================== end of statistics =====================

User_CPU=0.01, System_CPU=0.01, Wall_clock=0.

Exiting with 1 model.

Process 62078 exit (max_models) Wed Oct  7 21:54:11 2020
The process finished Wed Oct  7 21:54:11 2020
